<?xml version="1.0" encoding="UTF-8"?>
<testng-results skipped="0" failed="0" ignored="0" total="1" passed="1">
  <reporter-output>
  </reporter-output>
  <suite name="Default suite" duration-ms="6731" started-at="2019-01-22T09:51:10Z" finished-at="2019-01-22T09:51:16Z">
    <groups>
      <group name="cucumber">
        <method signature="AbstractTestNGCucumberTests.feature(cucumber.api.testng.CucumberFeatureWrapper)[pri:0, instance:org.automation.runMe.runMe@481a15ff]" name="feature" class="cucumber.api.testng.AbstractTestNGCucumberTests"/>
      </group> <!-- cucumber -->
    </groups>
    <test name="Default test" duration-ms="6731" started-at="2019-01-22T09:51:10Z" finished-at="2019-01-22T09:51:16Z">
      <class name="org.automation.runMe.runMe">
        <test-method status="PASS" signature="setUpClass()[pri:0, instance:org.automation.runMe.runMe@481a15ff]" name="setUpClass" is-config="true" duration-ms="191" started-at="2019-01-22T09:51:10Z" finished-at="2019-01-22T09:51:10Z">
          <reporter-output>
          </reporter-output>
        </test-method> <!-- setUpClass -->
        <test-method status="PASS" signature="feature(cucumber.api.testng.CucumberFeatureWrapper)[pri:0, instance:org.automation.runMe.runMe@481a15ff]" name="feature" duration-ms="6235" started-at="2019-01-22T09:51:10Z" description="Runs Cucumber Feature" data-provider="features" finished-at="2019-01-22T09:51:16Z">
          <params>
            <param index="0">
              <value>
                <![CDATA[Check single checkbox]]>
              </value>
            </param>
          </params>
          <reporter-output>
          </reporter-output>
        </test-method> <!-- feature -->
        <test-method status="PASS" signature="tearDownClass()[pri:0, instance:org.automation.runMe.runMe@481a15ff]" name="tearDownClass" is-config="true" duration-ms="232" started-at="2019-01-22T09:51:16Z" finished-at="2019-01-22T09:51:16Z">
          <reporter-output>
          </reporter-output>
        </test-method> <!-- tearDownClass -->
      </class> <!-- org.automation.runMe.runMe -->
    </test> <!-- Default test -->
  </suite> <!-- Default suite -->
</testng-results>
